This file contains any messages produced by compilers while
running configure, to aid debugging if configure makes a mistake.

It was created by bullet configure 2.82, which was
generated by GNU Autoconf 2.69.  Invocation command line was

  $ ./configure 

## --------- ##
## Platform. ##
## --------- ##

hostname = arch
uname -m = x86_64
uname -r = 4.4.5-1-ARCH
uname -s = Linux
uname -v = #1 SMP PREEMPT Thu Mar 10 07:38:19 CET 2016

/usr/bin/uname -p = unknown
/bin/uname -X     = unknown

/bin/arch              = unknown
/usr/bin/arch -k       = unknown
/usr/convex/getsysinfo = unknown
/usr/bin/hostinfo      = unknown
/bin/machine           = unknown
/usr/bin/oslevel       = unknown
/bin/universe          = unknown

PATH: /usr/local/sbin
PATH: /usr/local/bin
PATH: /usr/bin
PATH: /usr/bin/site_perl
PATH: /usr/bin/vendor_perl
PATH: /usr/bin/core_perl
PATH: /home/jack/haxe-3.2.1
PATH: /home/jack/sublime_text_3
PATH: /usr/local/heroku/bin
PATH: /home/jack/.gem/ruby/2.3.0/bin
PATH: /home/jack/android-studio/bin
PATH: /home/jack/.cabal/bin
PATH: /home/jack/emsdk_portable
PATH: /home/jack/emsdk_portable/clang/fastcomp/build_master_64/bin
PATH: /home/jack/emsdk_portable/node/4.1.1_64bit/bin
PATH: /home/jack/emsdk_portable/emscripten/master


## ----------- ##
## Core tests. ##
## ----------- ##

configure:2256: checking build system type
configure:2270: result: x86_64-unknown-linux-gnu
configure:2290: checking host system type
configure:2303: result: x86_64-unknown-linux-gnu
configure:2340: checking for a BSD-compatible install
configure:2408: result: /usr/bin/install -c
configure:2419: checking whether build environment is sane
configure:2474: result: yes
configure:2625: checking for a thread-safe mkdir -p
configure:2664: result: /usr/bin/mkdir -p
configure:2671: checking for gawk
configure:2687: found /usr/bin/gawk
configure:2698: result: gawk
configure:2709: checking whether make sets $(MAKE)
configure:2731: result: yes
configure:2760: checking whether make supports nested variables
configure:2777: result: yes
configure:2915: checking for style of include used by make
configure:2943: result: GNU
configure:3014: checking for gcc
configure:3030: found /usr/bin/gcc
configure:3041: result: gcc
configure:3270: checking for C compiler version
configure:3279: gcc --version >&5
gcc (GCC) 5.3.0
Copyright (C) 2015 Free Software Foundation, Inc.
This is free software; see the source for copying conditions.  There is NO
warranty; not even for MERCHANTABILITY or FITNESS FOR A PARTICULAR PURPOSE.

configure:3290: $? = 0
configure:3279: gcc -v >&5
Using built-in specs.
COLLECT_GCC=gcc
COLLECT_LTO_WRAPPER=/usr/lib/gcc/x86_64-unknown-linux-gnu/5.3.0/lto-wrapper
Target: x86_64-unknown-linux-gnu
Configured with: /build/gcc-multilib/src/gcc-5-20160209/configure --prefix=/usr --libdir=/usr/lib --libexecdir=/usr/lib --mandir=/usr/share/man --infodir=/usr/share/info --with-bugurl=https://bugs.archlinux.org/ --enable-languages=c,c++,ada,fortran,go,lto,objc,obj-c++ --enable-shared --enable-threads=posix --enable-libmpx --with-system-zlib --with-isl --enable-__cxa_atexit --disable-libunwind-exceptions --enable-clocale=gnu --disable-libstdcxx-pch --disable-libssp --enable-gnu-unique-object --enable-linker-build-id --enable-lto --enable-plugin --enable-install-libiberty --with-linker-hash-style=gnu --enable-gnu-indirect-function --enable-multilib --disable-werror --enable-checking=release
Thread model: posix
gcc version 5.3.0 (GCC) 
configure:3290: $? = 0
configure:3279: gcc -V >&5
gcc: error: unrecognized command line option '-V'
gcc: fatal error: no input files
compilation terminated.
configure:3290: $? = 1
configure:3279: gcc -qversion >&5
gcc: error: unrecognized command line option '-qversion'
gcc: fatal error: no input files
compilation terminated.
configure:3290: $? = 1
configure:3310: checking whether the C compiler works
configure:3332: gcc    conftest.c  >&5
configure:3336: $? = 0
configure:3384: result: yes
configure:3387: checking for C compiler default output file name
configure:3389: result: a.out
configure:3395: checking for suffix of executables
configure:3402: gcc -o conftest    conftest.c  >&5
configure:3406: $? = 0
configure:3428: result: 
configure:3450: checking whether we are cross compiling
configure:3458: gcc -o conftest    conftest.c  >&5
configure:3462: $? = 0
configure:3469: ./conftest
configure:3473: $? = 0
configure:3488: result: no
configure:3493: checking for suffix of object files
configure:3515: gcc -c   conftest.c >&5
configure:3519: $? = 0
configure:3540: result: o
configure:3544: checking whether we are using the GNU C compiler
configure:3563: gcc -c   conftest.c >&5
configure:3563: $? = 0
configure:3572: result: yes
configure:3581: checking whether gcc accepts -g
configure:3601: gcc -c -g  conftest.c >&5
configure:3601: $? = 0
configure:3642: result: yes
configure:3659: checking for gcc option to accept ISO C89
configure:3722: gcc  -c -g -O2  conftest.c >&5
configure:3722: $? = 0
configure:3735: result: none needed
configure:3760: checking whether gcc understands -c and -o together
configure:3782: gcc -c conftest.c -o conftest2.o
configure:3785: $? = 0
configure:3782: gcc -c conftest.c -o conftest2.o
configure:3785: $? = 0
configure:3797: result: yes
configure:3816: checking dependency style of gcc
configure:3927: result: gcc3
configure:4001: checking for g++
configure:4017: found /usr/bin/g++
configure:4028: result: g++
configure:4055: checking for C++ compiler version
configure:4064: g++ --version >&5
g++ (GCC) 5.3.0
Copyright (C) 2015 Free Software Foundation, Inc.
This is free software; see the source for copying conditions.  There is NO
warranty; not even for MERCHANTABILITY or FITNESS FOR A PARTICULAR PURPOSE.

configure:4075: $? = 0
configure:4064: g++ -v >&5
Using built-in specs.
COLLECT_GCC=g++
COLLECT_LTO_WRAPPER=/usr/lib/gcc/x86_64-unknown-linux-gnu/5.3.0/lto-wrapper
Target: x86_64-unknown-linux-gnu
Configured with: /build/gcc-multilib/src/gcc-5-20160209/configure --prefix=/usr --libdir=/usr/lib --libexecdir=/usr/lib --mandir=/usr/share/man --infodir=/usr/share/info --with-bugurl=https://bugs.archlinux.org/ --enable-languages=c,c++,ada,fortran,go,lto,objc,obj-c++ --enable-shared --enable-threads=posix --enable-libmpx --with-system-zlib --with-isl --enable-__cxa_atexit --disable-libunwind-exceptions --enable-clocale=gnu --disable-libstdcxx-pch --disable-libssp --enable-gnu-unique-object --enable-linker-build-id --enable-lto --enable-plugin --enable-install-libiberty --with-linker-hash-style=gnu --enable-gnu-indirect-function --enable-multilib --disable-werror --enable-checking=release
Thread model: posix
gcc version 5.3.0 (GCC) 
configure:4075: $? = 0
configure:4064: g++ -V >&5
g++: error: unrecognized command line option '-V'
g++: fatal error: no input files
compilation terminated.
configure:4075: $? = 1
configure:4064: g++ -qversion >&5
g++: error: unrecognized command line option '-qversion'
g++: fatal error: no input files
compilation terminated.
configure:4075: $? = 1
configure:4079: checking whether we are using the GNU C++ compiler
configure:4098: g++ -c   conftest.cpp >&5
configure:4098: $? = 0
configure:4107: result: yes
configure:4116: checking whether g++ accepts -g
configure:4136: g++ -c -g  conftest.cpp >&5
configure:4136: $? = 0
configure:4177: result: yes
configure:4202: checking dependency style of g++
configure:4313: result: gcc3
configure:4374: checking how to print strings
configure:4401: result: printf
configure:4422: checking for a sed that does not truncate output
configure:4486: result: /usr/bin/sed
configure:4504: checking for grep that handles long lines and -e
configure:4562: result: /usr/bin/grep
configure:4567: checking for egrep
configure:4629: result: /usr/bin/grep -E
configure:4634: checking for fgrep
configure:4696: result: /usr/bin/grep -F
configure:4731: checking for ld used by gcc
configure:4798: result: /usr/bin/ld
configure:4805: checking if the linker (/usr/bin/ld) is GNU ld
configure:4820: result: yes
configure:4832: checking for BSD- or MS-compatible name lister (nm)
configure:4886: result: /usr/bin/nm -B
configure:5016: checking the name lister (/usr/bin/nm -B) interface
configure:5023: gcc -c -g -O2  conftest.c >&5
configure:5026: /usr/bin/nm -B "conftest.o"
configure:5029: output
0000000000000000 B some_variable
configure:5036: result: BSD nm
configure:5039: checking whether ln -s works
configure:5043: result: yes
configure:5051: checking the maximum length of command line arguments
configure:5182: result: 1572864
configure:5230: checking how to convert x86_64-unknown-linux-gnu file names to x86_64-unknown-linux-gnu format
configure:5270: result: func_convert_file_noop
configure:5277: checking how to convert x86_64-unknown-linux-gnu file names to toolchain format
configure:5297: result: func_convert_file_noop
configure:5304: checking for /usr/bin/ld option to reload object files
configure:5311: result: -r
configure:5385: checking for objdump
configure:5401: found /usr/bin/objdump
configure:5412: result: objdump
configure:5444: checking how to recognize dependent libraries
configure:5644: result: pass_all
configure:5729: checking for dlltool
configure:5759: result: no
configure:5789: checking how to associate runtime and link libraries
configure:5816: result: printf %s\n
configure:5877: checking for ar
configure:5893: found /usr/bin/ar
configure:5904: result: ar
configure:5941: checking for archiver @FILE support
configure:5958: gcc -c -g -O2  conftest.c >&5
configure:5958: $? = 0
configure:5961: ar cru libconftest.a @conftest.lst >&5
ar: `u' modifier ignored since `D' is the default (see `U')
configure:5964: $? = 0
configure:5969: ar cru libconftest.a @conftest.lst >&5
ar: `u' modifier ignored since `D' is the default (see `U')
ar: conftest.o: No such file or directory
configure:5972: $? = 1
configure:5984: result: @
configure:6042: checking for strip
configure:6058: found /usr/bin/strip
configure:6069: result: strip
configure:6141: checking for ranlib
configure:6157: found /usr/bin/ranlib
configure:6168: result: ranlib
configure:6270: checking command to parse /usr/bin/nm -B output from gcc object
configure:6423: gcc -c -g -O2  conftest.c >&5
configure:6426: $? = 0
configure:6430: /usr/bin/nm -B conftest.o \| sed -n -e 's/^.*[ ]\([ABCDGIRSTW][ABCDGIRSTW]*\)[ ][ ]*\([_A-Za-z][_A-Za-z0-9]*\)$/\1 \2 \2/p' | sed '/ __gnu_lto/d' \> conftest.nm
configure:6433: $? = 0
configure:6499: gcc -o conftest -g -O2   conftest.c conftstm.o >&5
configure:6502: $? = 0
configure:6540: result: ok
configure:6587: checking for sysroot
configure:6617: result: no
configure:6624: checking for a working dd
configure:6662: result: /usr/bin/dd
configure:6666: checking how to truncate binary pipes
configure:6681: result: /usr/bin/dd bs=4096 count=1
configure:6817: gcc -c -g -O2  conftest.c >&5
configure:6820: $? = 0
configure:7010: checking for mt
configure:7040: result: no
configure:7060: checking if : is a manifest tool
configure:7066: : '-?'
configure:7074: result: no
configure:7751: checking how to run the C preprocessor
configure:7782: gcc -E  conftest.c
configure:7782: $? = 0
configure:7796: gcc -E  conftest.c
conftest.c:11:28: fatal error: ac_nonexistent.h: No such file or directory
compilation terminated.
configure:7796: $? = 1
configure: failed program was:
| /* confdefs.h */
| #define PACKAGE_NAME "bullet"
| #define PACKAGE_TARNAME "bullet"
| #define PACKAGE_VERSION "2.82"
| #define PACKAGE_STRING "bullet 2.82"
| #define PACKAGE_BUGREPORT "erwin.coumans@gmail.com"
| #define PACKAGE_URL ""
| #define PACKAGE "bullet"
| #define VERSION "2.82"
| /* end confdefs.h.  */
| #include <ac_nonexistent.h>
configure:7821: result: gcc -E
configure:7841: gcc -E  conftest.c
configure:7841: $? = 0
configure:7855: gcc -E  conftest.c
conftest.c:11:28: fatal error: ac_nonexistent.h: No such file or directory
compilation terminated.
configure:7855: $? = 1
configure: failed program was:
| /* confdefs.h */
| #define PACKAGE_NAME "bullet"
| #define PACKAGE_TARNAME "bullet"
| #define PACKAGE_VERSION "2.82"
| #define PACKAGE_STRING "bullet 2.82"
| #define PACKAGE_BUGREPORT "erwin.coumans@gmail.com"
| #define PACKAGE_URL ""
| #define PACKAGE "bullet"
| #define VERSION "2.82"
| /* end confdefs.h.  */
| #include <ac_nonexistent.h>
configure:7884: checking for ANSI C header files
configure:7904: gcc -c -g -O2  conftest.c >&5
configure:7904: $? = 0
configure:7977: gcc -o conftest -g -O2   conftest.c  >&5
configure:7977: $? = 0
configure:7977: ./conftest
configure:7977: $? = 0
configure:7988: result: yes
configure:8001: checking for sys/types.h
configure:8001: gcc -c -g -O2  conftest.c >&5
configure:8001: $? = 0
configure:8001: result: yes
configure:8001: checking for sys/stat.h
configure:8001: gcc -c -g -O2  conftest.c >&5
configure:8001: $? = 0
configure:8001: result: yes
configure:8001: checking for stdlib.h
configure:8001: gcc -c -g -O2  conftest.c >&5
configure:8001: $? = 0
configure:8001: result: yes
configure:8001: checking for string.h
configure:8001: gcc -c -g -O2  conftest.c >&5
configure:8001: $? = 0
configure:8001: result: yes
configure:8001: checking for memory.h
configure:8001: gcc -c -g -O2  conftest.c >&5
configure:8001: $? = 0
configure:8001: result: yes
configure:8001: checking for strings.h
configure:8001: gcc -c -g -O2  conftest.c >&5
configure:8001: $? = 0
configure:8001: result: yes
configure:8001: checking for inttypes.h
configure:8001: gcc -c -g -O2  conftest.c >&5
configure:8001: $? = 0
configure:8001: result: yes
configure:8001: checking for stdint.h
configure:8001: gcc -c -g -O2  conftest.c >&5
configure:8001: $? = 0
configure:8001: result: yes
configure:8001: checking for unistd.h
configure:8001: gcc -c -g -O2  conftest.c >&5
configure:8001: $? = 0
configure:8001: result: yes
configure:8015: checking for dlfcn.h
configure:8015: gcc -c -g -O2  conftest.c >&5
configure:8015: $? = 0
configure:8015: result: yes
configure:8282: checking for objdir
configure:8297: result: .libs
configure:8557: checking if gcc supports -fno-rtti -fno-exceptions
configure:8575: gcc -c -g -O2  -fno-rtti -fno-exceptions conftest.c >&5
cc1: warning: command line option '-fno-rtti' is valid for C++/ObjC++ but not for C
configure:8579: $? = 0
configure:8592: result: no
configure:8950: checking for gcc option to produce PIC
configure:8957: result: -fPIC -DPIC
configure:8965: checking if gcc PIC flag -fPIC -DPIC works
configure:8983: gcc -c -g -O2  -fPIC -DPIC -DPIC conftest.c >&5
configure:8987: $? = 0
configure:9000: result: yes
configure:9029: checking if gcc static flag -static works
configure:9057: result: yes
configure:9072: checking if gcc supports -c -o file.o
configure:9093: gcc -c -g -O2  -o out/conftest2.o conftest.c >&5
configure:9097: $? = 0
configure:9119: result: yes
configure:9127: checking if gcc supports -c -o file.o
configure:9174: result: yes
configure:9207: checking whether the gcc linker (/usr/bin/ld -m elf_x86_64) supports shared libraries
configure:10466: result: yes
configure:10503: checking whether -lc should be explicitly linked in
configure:10511: gcc -c -g -O2  conftest.c >&5
configure:10514: $? = 0
configure:10529: gcc -shared  -fPIC -DPIC conftest.o  -v -Wl,-soname -Wl,conftest -o conftest 2\>\&1 \| /usr/bin/grep  -lc  \>/dev/null 2\>\&1
configure:10532: $? = 0
configure:10546: result: no
configure:10706: checking dynamic linker characteristics
configure:11287: gcc -o conftest -g -O2   -Wl,-rpath -Wl,/foo conftest.c  >&5
configure:11287: $? = 0
configure:11524: result: GNU/Linux ld.so
configure:11646: checking how to hardcode library paths into programs
configure:11671: result: immediate
configure:12219: checking whether stripping libraries is possible
configure:12224: result: yes
configure:12259: checking if libtool supports shared libraries
configure:12261: result: yes
configure:12264: checking whether to build shared libraries
configure:12289: result: yes
configure:12292: checking whether to build static libraries
configure:12296: result: yes
configure:12319: checking how to run the C++ preprocessor
configure:12346: g++ -E  conftest.cpp
configure:12346: $? = 0
configure:12360: g++ -E  conftest.cpp
conftest.cpp:23:28: fatal error: ac_nonexistent.h: No such file or directory
compilation terminated.
configure:12360: $? = 1
configure: failed program was:
| /* confdefs.h */
| #define PACKAGE_NAME "bullet"
| #define PACKAGE_TARNAME "bullet"
| #define PACKAGE_VERSION "2.82"
| #define PACKAGE_STRING "bullet 2.82"
| #define PACKAGE_BUGREPORT "erwin.coumans@gmail.com"
| #define PACKAGE_URL ""
| #define PACKAGE "bullet"
| #define VERSION "2.82"
| #define STDC_HEADERS 1
| #define HAVE_SYS_TYPES_H 1
| #define HAVE_SYS_STAT_H 1
| #define HAVE_STDLIB_H 1
| #define HAVE_STRING_H 1
| #define HAVE_MEMORY_H 1
| #define HAVE_STRINGS_H 1
| #define HAVE_INTTYPES_H 1
| #define HAVE_STDINT_H 1
| #define HAVE_UNISTD_H 1
| #define HAVE_DLFCN_H 1
| #define LT_OBJDIR ".libs/"
| /* end confdefs.h.  */
| #include <ac_nonexistent.h>
configure:12385: result: g++ -E
configure:12405: g++ -E  conftest.cpp
configure:12405: $? = 0
configure:12419: g++ -E  conftest.cpp
conftest.cpp:23:28: fatal error: ac_nonexistent.h: No such file or directory
compilation terminated.
configure:12419: $? = 1
configure: failed program was:
| /* confdefs.h */
| #define PACKAGE_NAME "bullet"
| #define PACKAGE_TARNAME "bullet"
| #define PACKAGE_VERSION "2.82"
| #define PACKAGE_STRING "bullet 2.82"
| #define PACKAGE_BUGREPORT "erwin.coumans@gmail.com"
| #define PACKAGE_URL ""
| #define PACKAGE "bullet"
| #define VERSION "2.82"
| #define STDC_HEADERS 1
| #define HAVE_SYS_TYPES_H 1
| #define HAVE_SYS_STAT_H 1
| #define HAVE_STDLIB_H 1
| #define HAVE_STRING_H 1
| #define HAVE_MEMORY_H 1
| #define HAVE_STRINGS_H 1
| #define HAVE_INTTYPES_H 1
| #define HAVE_STDINT_H 1
| #define HAVE_UNISTD_H 1
| #define HAVE_DLFCN_H 1
| #define LT_OBJDIR ".libs/"
| /* end confdefs.h.  */
| #include <ac_nonexistent.h>
configure:12581: checking for ld used by g++
configure:12648: result: /usr/bin/ld -m elf_x86_64
configure:12655: checking if the linker (/usr/bin/ld -m elf_x86_64) is GNU ld
configure:12670: result: yes
configure:12725: checking whether the g++ linker (/usr/bin/ld -m elf_x86_64) supports shared libraries
configure:13798: result: yes
configure:13834: g++ -c -g -O2  conftest.cpp >&5
configure:13837: $? = 0
configure:14318: checking for g++ option to produce PIC
configure:14325: result: -fPIC -DPIC
configure:14333: checking if g++ PIC flag -fPIC -DPIC works
configure:14351: g++ -c -g -O2  -fPIC -DPIC -DPIC conftest.cpp >&5
configure:14355: $? = 0
configure:14368: result: yes
configure:14391: checking if g++ static flag -static works
configure:14419: result: yes
configure:14431: checking if g++ supports -c -o file.o
configure:14452: g++ -c -g -O2  -o out/conftest2.o conftest.cpp >&5
configure:14456: $? = 0
configure:14478: result: yes
configure:14483: checking if g++ supports -c -o file.o
configure:14530: result: yes
configure:14560: checking whether the g++ linker (/usr/bin/ld -m elf_x86_64) supports shared libraries
configure:14600: result: yes
configure:14741: checking dynamic linker characteristics
configure:15486: result: GNU/Linux ld.so
configure:15551: checking how to hardcode library paths into programs
configure:15576: result: immediate
configure:15697: checking whether byte ordering is bigendian
configure:15712: gcc -c -g -O2  conftest.c >&5
conftest.c:26:9: error: unknown type name 'not'
         not a universal capable compiler
         ^
conftest.c:26:15: error: expected '=', ',', ';', 'asm' or '__attribute__' before 'universal'
         not a universal capable compiler
               ^
conftest.c:26:15: error: unknown type name 'universal'
configure:15712: $? = 1
configure: failed program was:
| /* confdefs.h */
| #define PACKAGE_NAME "bullet"
| #define PACKAGE_TARNAME "bullet"
| #define PACKAGE_VERSION "2.82"
| #define PACKAGE_STRING "bullet 2.82"
| #define PACKAGE_BUGREPORT "erwin.coumans@gmail.com"
| #define PACKAGE_URL ""
| #define PACKAGE "bullet"
| #define VERSION "2.82"
| #define STDC_HEADERS 1
| #define HAVE_SYS_TYPES_H 1
| #define HAVE_SYS_STAT_H 1
| #define HAVE_STDLIB_H 1
| #define HAVE_STRING_H 1
| #define HAVE_MEMORY_H 1
| #define HAVE_STRINGS_H 1
| #define HAVE_INTTYPES_H 1
| #define HAVE_STDINT_H 1
| #define HAVE_UNISTD_H 1
| #define HAVE_DLFCN_H 1
| #define LT_OBJDIR ".libs/"
| #define PLATFORM_LINUX 1
| #define ARCH_X86_64 1
| /* end confdefs.h.  */
| #ifndef __APPLE_CC__
| 	       not a universal capable compiler
| 	     #endif
| 	     typedef int dummy;
| 
configure:15757: gcc -c -g -O2  conftest.c >&5
configure:15757: $? = 0
configure:15775: gcc -c -g -O2  conftest.c >&5
conftest.c: In function 'main':
conftest.c:32:4: error: unknown type name 'not'
    not big endian
    ^
conftest.c:32:12: error: expected '=', ',', ';', 'asm' or '__attribute__' before 'endian'
    not big endian
            ^
configure:15775: $? = 1
configure: failed program was:
| /* confdefs.h */
| #define PACKAGE_NAME "bullet"
| #define PACKAGE_TARNAME "bullet"
| #define PACKAGE_VERSION "2.82"
| #define PACKAGE_STRING "bullet 2.82"
| #define PACKAGE_BUGREPORT "erwin.coumans@gmail.com"
| #define PACKAGE_URL ""
| #define PACKAGE "bullet"
| #define VERSION "2.82"
| #define STDC_HEADERS 1
| #define HAVE_SYS_TYPES_H 1
| #define HAVE_SYS_STAT_H 1
| #define HAVE_STDLIB_H 1
| #define HAVE_STRING_H 1
| #define HAVE_MEMORY_H 1
| #define HAVE_STRINGS_H 1
| #define HAVE_INTTYPES_H 1
| #define HAVE_STDINT_H 1
| #define HAVE_UNISTD_H 1
| #define HAVE_DLFCN_H 1
| #define LT_OBJDIR ".libs/"
| #define PLATFORM_LINUX 1
| #define ARCH_X86_64 1
| /* end confdefs.h.  */
| #include <sys/types.h>
| 		#include <sys/param.h>
| 
| int
| main ()
| {
| #if BYTE_ORDER != BIG_ENDIAN
| 		 not big endian
| 		#endif
| 
|   ;
|   return 0;
| }
configure:15903: result: no
configure:15938: checking BulletMultiThreaded
configure:15945: result: no
configure:15989: checking for GL/gl.h
configure:15989: gcc -c -g -O2  conftest.c >&5
configure:15989: $? = 0
configure:15989: result: yes
configure:15989: checking for GL/glu.h
configure:15989: gcc -c -g -O2  conftest.c >&5
configure:15989: $? = 0
configure:15989: result: yes
configure:15989: checking for GL/glext.h
configure:15989: gcc -c -g -O2  conftest.c >&5
configure:15989: $? = 0
configure:15989: result: yes
configure:15989: checking for GL/glut.h
configure:15989: gcc -c -g -O2  conftest.c >&5
configure:15989: $? = 0
configure:15989: result: yes
configure:16015: checking for main in -lGL
configure:16034: gcc -o conftest -g -O2   conftest.c -lGL   >&5
configure:16034: $? = 0
configure:16043: result: yes
configure:16049: checking for main in -lGLU
configure:16068: gcc -o conftest -g -O2   conftest.c -lGLU -lGL  >&5
configure:16068: $? = 0
configure:16077: result: yes
configure:16083: checking for main in -lGLUT
configure:16102: gcc -o conftest -g -O2   conftest.c -lGLUT -lGLUT  >&5
/usr/bin/ld: cannot find -lGLUT
/usr/bin/ld: cannot find -lGLUT
collect2: error: ld returned 1 exit status
configure:16102: $? = 1
configure: failed program was:
| /* confdefs.h */
| #define PACKAGE_NAME "bullet"
| #define PACKAGE_TARNAME "bullet"
| #define PACKAGE_VERSION "2.82"
| #define PACKAGE_STRING "bullet 2.82"
| #define PACKAGE_BUGREPORT "erwin.coumans@gmail.com"
| #define PACKAGE_URL ""
| #define PACKAGE "bullet"
| #define VERSION "2.82"
| #define STDC_HEADERS 1
| #define HAVE_SYS_TYPES_H 1
| #define HAVE_SYS_STAT_H 1
| #define HAVE_STDLIB_H 1
| #define HAVE_STRING_H 1
| #define HAVE_MEMORY_H 1
| #define HAVE_STRINGS_H 1
| #define HAVE_INTTYPES_H 1
| #define HAVE_STDINT_H 1
| #define HAVE_UNISTD_H 1
| #define HAVE_DLFCN_H 1
| #define LT_OBJDIR ".libs/"
| #define PLATFORM_LINUX 1
| #define ARCH_X86_64 1
| #define HAVE_GL_GL_H 1
| #define HAVE_GL_GLU_H 1
| #define HAVE_GL_GLEXT_H 1
| #define HAVE_GL_GLUT_H 1
| /* end confdefs.h.  */
| 
| 
| int
| main ()
| {
| return main ();
|   ;
|   return 0;
| }
configure:16111: result: no
configure:16117: checking for main in -lopengl32
configure:16136: gcc -o conftest -g -O2   conftest.c -lopengl32   >&5
/usr/bin/ld: cannot find -lopengl32
collect2: error: ld returned 1 exit status
configure:16136: $? = 1
configure: failed program was:
| /* confdefs.h */
| #define PACKAGE_NAME "bullet"
| #define PACKAGE_TARNAME "bullet"
| #define PACKAGE_VERSION "2.82"
| #define PACKAGE_STRING "bullet 2.82"
| #define PACKAGE_BUGREPORT "erwin.coumans@gmail.com"
| #define PACKAGE_URL ""
| #define PACKAGE "bullet"
| #define VERSION "2.82"
| #define STDC_HEADERS 1
| #define HAVE_SYS_TYPES_H 1
| #define HAVE_SYS_STAT_H 1
| #define HAVE_STDLIB_H 1
| #define HAVE_STRING_H 1
| #define HAVE_MEMORY_H 1
| #define HAVE_STRINGS_H 1
| #define HAVE_INTTYPES_H 1
| #define HAVE_STDINT_H 1
| #define HAVE_UNISTD_H 1
| #define HAVE_DLFCN_H 1
| #define LT_OBJDIR ".libs/"
| #define PLATFORM_LINUX 1
| #define ARCH_X86_64 1
| #define HAVE_GL_GL_H 1
| #define HAVE_GL_GLU_H 1
| #define HAVE_GL_GLEXT_H 1
| #define HAVE_GL_GLUT_H 1
| /* end confdefs.h.  */
| 
| 
| int
| main ()
| {
| return main ();
|   ;
|   return 0;
| }
configure:16145: result: no
configure:16151: checking for main in -lglu32
configure:16170: gcc -o conftest -g -O2   conftest.c -lglu32 -lopengl32  >&5
/usr/bin/ld: cannot find -lglu32
/usr/bin/ld: cannot find -lopengl32
collect2: error: ld returned 1 exit status
configure:16170: $? = 1
configure: failed program was:
| /* confdefs.h */
| #define PACKAGE_NAME "bullet"
| #define PACKAGE_TARNAME "bullet"
| #define PACKAGE_VERSION "2.82"
| #define PACKAGE_STRING "bullet 2.82"
| #define PACKAGE_BUGREPORT "erwin.coumans@gmail.com"
| #define PACKAGE_URL ""
| #define PACKAGE "bullet"
| #define VERSION "2.82"
| #define STDC_HEADERS 1
| #define HAVE_SYS_TYPES_H 1
| #define HAVE_SYS_STAT_H 1
| #define HAVE_STDLIB_H 1
| #define HAVE_STRING_H 1
| #define HAVE_MEMORY_H 1
| #define HAVE_STRINGS_H 1
| #define HAVE_INTTYPES_H 1
| #define HAVE_STDINT_H 1
| #define HAVE_UNISTD_H 1
| #define HAVE_DLFCN_H 1
| #define LT_OBJDIR ".libs/"
| #define PLATFORM_LINUX 1
| #define ARCH_X86_64 1
| #define HAVE_GL_GL_H 1
| #define HAVE_GL_GLU_H 1
| #define HAVE_GL_GLEXT_H 1
| #define HAVE_GL_GLUT_H 1
| /* end confdefs.h.  */
| 
| 
| int
| main ()
| {
| return main ();
|   ;
|   return 0;
| }
configure:16179: result: no
configure:16193: Found OpenGL
configure:16205: Building Bullet demos
configure:16227: checking build mode
configure:16234: result: optimize
configure:16355: checking that generated files are newer than configure
configure:16361: result: done
configure:16401: creating ./config.status

## ---------------------- ##
## Running config.status. ##
## ---------------------- ##

This file was extended by bullet config.status 2.82, which was
generated by GNU Autoconf 2.69.  Invocation command line was

  CONFIG_FILES    = 
  CONFIG_HEADERS  = 
  CONFIG_LINKS    = 
  CONFIG_COMMANDS = 
  $ ./config.status 

on arch

config.status:1126: creating bullet.pc
config.status:1126: creating Makefile
config.status:1126: creating Demos/Makefile
config.status:1126: creating Demos/SoftDemo/Makefile
config.status:1126: creating Demos/AllBulletDemos/Makefile
config.status:1126: creating Demos/MultiThreadedDemo/Makefile
config.status:1126: creating Demos/OpenGL/Makefile
config.status:1126: creating Demos/ForkLiftDemo/Makefile
config.status:1126: creating Demos/FeatherstoneMultiBodyDemo/Makefile
config.status:1126: creating Demos/BasicDemo/Makefile
config.status:1126: creating Demos/CcdPhysicsDemo/Makefile
config.status:1126: creating Demos/VehicleDemo/Makefile
config.status:1126: creating Demos/TerrainDemo/Makefile
config.status:1126: creating src/Makefile
config.status:1126: creating Extras/Makefile
config.status:1126: creating config.h
config.status:1388: executing depfiles commands
config.status:1388: executing libtool commands
configure:18847:

Please type 'make' to build Bullet


## ---------------- ##
## Cache variables. ##
## ---------------- ##

ac_cv_build=x86_64-unknown-linux-gnu
ac_cv_c_bigendian=no
ac_cv_c_compiler_gnu=yes
ac_cv_cxx_compiler_gnu=yes
ac_cv_env_CCC_set=
ac_cv_env_CCC_value=
ac_cv_env_CC_set=
ac_cv_env_CC_value=
ac_cv_env_CFLAGS_set=
ac_cv_env_CFLAGS_value=
ac_cv_env_CPPFLAGS_set=
ac_cv_env_CPPFLAGS_value=
ac_cv_env_CPP_set=
ac_cv_env_CPP_value=
ac_cv_env_CXXCPP_set=
ac_cv_env_CXXCPP_value=
ac_cv_env_CXXFLAGS_set=
ac_cv_env_CXXFLAGS_value=
ac_cv_env_CXX_set=
ac_cv_env_CXX_value=
ac_cv_env_LDFLAGS_set=
ac_cv_env_LDFLAGS_value=
ac_cv_env_LIBS_set=
ac_cv_env_LIBS_value=
ac_cv_env_LT_SYS_LIBRARY_PATH_set=
ac_cv_env_LT_SYS_LIBRARY_PATH_value=
ac_cv_env_build_alias_set=
ac_cv_env_build_alias_value=
ac_cv_env_host_alias_set=
ac_cv_env_host_alias_value=
ac_cv_env_target_alias_set=
ac_cv_env_target_alias_value=
ac_cv_header_GL_gl_h=yes
ac_cv_header_GL_glext_h=yes
ac_cv_header_GL_glu_h=yes
ac_cv_header_GL_glut_h=yes
ac_cv_header_dlfcn_h=yes
ac_cv_header_inttypes_h=yes
ac_cv_header_memory_h=yes
ac_cv_header_stdc=yes
ac_cv_header_stdint_h=yes
ac_cv_header_stdlib_h=yes
ac_cv_header_string_h=yes
ac_cv_header_strings_h=yes
ac_cv_header_sys_stat_h=yes
ac_cv_header_sys_types_h=yes
ac_cv_header_unistd_h=yes
ac_cv_host=x86_64-unknown-linux-gnu
ac_cv_lib_GLUT_main=no
ac_cv_lib_GLU_main=yes
ac_cv_lib_GL_main=yes
ac_cv_lib_glu32_main=no
ac_cv_lib_opengl32_main=no
ac_cv_objext=o
ac_cv_path_EGREP='/usr/bin/grep -E'
ac_cv_path_FGREP='/usr/bin/grep -F'
ac_cv_path_GREP=/usr/bin/grep
ac_cv_path_SED=/usr/bin/sed
ac_cv_path_install='/usr/bin/install -c'
ac_cv_path_lt_DD=/usr/bin/dd
ac_cv_path_mkdir=/usr/bin/mkdir
ac_cv_prog_AWK=gawk
ac_cv_prog_CPP='gcc -E'
ac_cv_prog_CXXCPP='g++ -E'
ac_cv_prog_ac_ct_AR=ar
ac_cv_prog_ac_ct_CC=gcc
ac_cv_prog_ac_ct_CXX=g++
ac_cv_prog_ac_ct_OBJDUMP=objdump
ac_cv_prog_ac_ct_RANLIB=ranlib
ac_cv_prog_ac_ct_STRIP=strip
ac_cv_prog_cc_c89=
ac_cv_prog_cc_g=yes
ac_cv_prog_cxx_g=yes
ac_cv_prog_make_make_set=yes
am_cv_CC_dependencies_compiler_type=gcc3
am_cv_CXX_dependencies_compiler_type=gcc3
am_cv_make_support_nested_variables=yes
am_cv_prog_cc_c_o=yes
lt_cv_ar_at_file=@
lt_cv_archive_cmds_need_lc=no
lt_cv_deplibs_check_method=pass_all
lt_cv_file_magic_cmd='$MAGIC_CMD'
lt_cv_file_magic_test_file=
lt_cv_ld_reload_flag=-r
lt_cv_nm_interface='BSD nm'
lt_cv_objdir=.libs
lt_cv_path_LD=/usr/bin/ld
lt_cv_path_LDCXX='/usr/bin/ld -m elf_x86_64'
lt_cv_path_NM='/usr/bin/nm -B'
lt_cv_path_mainfest_tool=no
lt_cv_prog_compiler_c_o=yes
lt_cv_prog_compiler_c_o_CXX=yes
lt_cv_prog_compiler_pic='-fPIC -DPIC'
lt_cv_prog_compiler_pic_CXX='-fPIC -DPIC'
lt_cv_prog_compiler_pic_works=yes
lt_cv_prog_compiler_pic_works_CXX=yes
lt_cv_prog_compiler_rtti_exceptions=no
lt_cv_prog_compiler_static_works=yes
lt_cv_prog_compiler_static_works_CXX=yes
lt_cv_prog_gnu_ld=yes
lt_cv_prog_gnu_ldcxx=yes
lt_cv_sharedlib_from_linklib_cmd='printf %s\n'
lt_cv_shlibpath_overrides_runpath=no
lt_cv_sys_global_symbol_pipe='sed -n -e '\''s/^.*[	 ]\([ABCDGIRSTW][ABCDGIRSTW]*\)[	 ][	 ]*\([_A-Za-z][_A-Za-z0-9]*\)$/\1 \2 \2/p'\'' | sed '\''/ __gnu_lto/d'\'''
lt_cv_sys_global_symbol_to_c_name_address='sed -n -e '\''s/^: \(.*\) .*$/  {"\1", (void *) 0},/p'\'' -e '\''s/^[ABCDGIRSTW][ABCDGIRSTW]* .* \(.*\)$/  {"\1", (void *) \&\1},/p'\'''
lt_cv_sys_global_symbol_to_c_name_address_lib_prefix='sed -n -e '\''s/^: \(.*\) .*$/  {"\1", (void *) 0},/p'\'' -e '\''s/^[ABCDGIRSTW][ABCDGIRSTW]* .* \(lib.*\)$/  {"\1", (void *) \&\1},/p'\'' -e '\''s/^[ABCDGIRSTW][ABCDGIRSTW]* .* \(.*\)$/  {"lib\1", (void *) \&\1},/p'\'''
lt_cv_sys_global_symbol_to_cdecl='sed -n -e '\''s/^T .* \(.*\)$/extern int \1();/p'\'' -e '\''s/^[ABCDGIRSTW][ABCDGIRSTW]* .* \(.*\)$/extern char \1;/p'\'''
lt_cv_sys_global_symbol_to_import=
lt_cv_sys_max_cmd_len=1572864
lt_cv_to_host_file_cmd=func_convert_file_noop
lt_cv_to_tool_file_cmd=func_convert_file_noop
lt_cv_truncate_bin='/usr/bin/dd bs=4096 count=1'

## ----------------- ##
## Output variables. ##
## ----------------- ##

ACLOCAL='${SHELL} /home/jack/Projects/ammo.js/bullet/missing aclocal-1.15'
AMDEPBACKSLASH='\'
AMDEP_FALSE='#'
AMDEP_TRUE=''
AMTAR='$${TAR-tar}'
AM_BACKSLASH='\'
AM_DEFAULT_V='$(AM_DEFAULT_VERBOSITY)'
AM_DEFAULT_VERBOSITY='1'
AM_V='$(V)'
AR='ar'
AUTOCONF='${SHELL} /home/jack/Projects/ammo.js/bullet/missing autoconf'
AUTOHEADER='${SHELL} /home/jack/Projects/ammo.js/bullet/missing autoheader'
AUTOMAKE='${SHELL} /home/jack/Projects/ammo.js/bullet/missing automake-1.15'
AWK='gawk'
CC='gcc'
CCDEPMODE='depmode=gcc3'
CFLAGS='-DUSE_ADDR64 -g -O2'
CONDITIONAL_BUILD_DEMOS_FALSE='#'
CONDITIONAL_BUILD_DEMOS_TRUE=''
CONDITIONAL_BUILD_MULTITHREADED_FALSE=''
CONDITIONAL_BUILD_MULTITHREADED_TRUE='#'
CPP='gcc -E'
CPPFLAGS=''
CXX='g++'
CXXCPP='g++ -E'
CXXDEPMODE='depmode=gcc3'
CXXFLAGS='-DUSE_ADDR64 -g -O2 -DUSE_ADDR64 -g -O2'
CYGPATH_W='echo'
DEFS='-DHAVE_CONFIG_H'
DEPDIR='.deps'
DLLTOOL='false'
DSYMUTIL=''
DUMPBIN=''
ECHO_C=''
ECHO_N='-n'
ECHO_T=''
EGREP='/usr/bin/grep -E'
EXEEXT=''
FGREP='/usr/bin/grep -F'
GL_LIBS='-lGLU -lGL'
GREP='/usr/bin/grep'
INSTALL_DATA='${INSTALL} -m 644'
INSTALL_PROGRAM='${INSTALL}'
INSTALL_SCRIPT='${INSTALL}'
INSTALL_STRIP_PROGRAM='$(install_sh) -c -s'
LD='/usr/bin/ld -m elf_x86_64'
LDFLAGS=''
LIBOBJS=''
LIBS=''
LIBTOOL='$(SHELL) $(top_builddir)/libtool'
LIPO=''
LN_S='ln -s'
LTLIBOBJS=''
LT_SYS_LIBRARY_PATH=''
MAKEINFO='${SHELL} /home/jack/Projects/ammo.js/bullet/missing makeinfo'
MANIFEST_TOOL=':'
MKDIR_P='/usr/bin/mkdir -p'
NM='/usr/bin/nm -B'
NMEDIT=''
OBJDUMP='objdump'
OBJEXT='o'
OTOOL64=''
OTOOL=''
PACKAGE='bullet'
PACKAGE_BUGREPORT='erwin.coumans@gmail.com'
PACKAGE_NAME='bullet'
PACKAGE_STRING='bullet 2.82'
PACKAGE_TARNAME='bullet'
PACKAGE_URL=''
PACKAGE_VERSION='2.82'
PATH_SEPARATOR=':'
RANLIB='ranlib'
SED='/usr/bin/sed'
SET_MAKE=''
SHELL='/bin/sh'
STRIP='strip'
VERSION='2.82'
ac_ct_AR='ar'
ac_ct_CC='gcc'
ac_ct_CXX='g++'
ac_ct_DUMPBIN=''
am__EXEEXT_FALSE=''
am__EXEEXT_TRUE='#'
am__fastdepCC_FALSE='#'
am__fastdepCC_TRUE=''
am__fastdepCXX_FALSE='#'
am__fastdepCXX_TRUE=''
am__include='include'
am__isrc=''
am__leading_dot='.'
am__nodep='_no'
am__quote=''
am__tar='$${TAR-tar} chof - "$$tardir"'
am__untar='$${TAR-tar} xf -'
bindir='${exec_prefix}/bin'
build='x86_64-unknown-linux-gnu'
build_alias=''
build_cpu='x86_64'
build_os='linux-gnu'
build_vendor='unknown'
datadir='${datarootdir}'
datarootdir='${prefix}/share'
docdir='${datarootdir}/doc/${PACKAGE_TARNAME}'
dvidir='${docdir}'
exec_prefix='${prefix}'
host='x86_64-unknown-linux-gnu'
host_alias=''
host_cpu='x86_64'
host_os='linux-gnu'
host_vendor='unknown'
htmldir='${docdir}'
includedir='${prefix}/include'
infodir='${datarootdir}/info'
install_sh='${SHELL} /home/jack/Projects/ammo.js/bullet/install-sh'
libdir='${exec_prefix}/lib'
libexecdir='${exec_prefix}/libexec'
localedir='${datarootdir}/locale'
localstatedir='${prefix}/var'
mandir='${datarootdir}/man'
mkdir_p='$(MKDIR_P)'
oldincludedir='/usr/include'
opengl_LIBS='-lGL -lGLU -lglut'
pdfdir='${docdir}'
prefix='/usr/local'
program_transform_name='s,x,x,'
psdir='${docdir}'
sbindir='${exec_prefix}/sbin'
sharedstatedir='${prefix}/com'
sysconfdir='${prefix}/etc'
target_alias=''

## ----------- ##
## confdefs.h. ##
## ----------- ##

/* confdefs.h */
#define PACKAGE_NAME "bullet"
#define PACKAGE_TARNAME "bullet"
#define PACKAGE_VERSION "2.82"
#define PACKAGE_STRING "bullet 2.82"
#define PACKAGE_BUGREPORT "erwin.coumans@gmail.com"
#define PACKAGE_URL ""
#define PACKAGE "bullet"
#define VERSION "2.82"
#define STDC_HEADERS 1
#define HAVE_SYS_TYPES_H 1
#define HAVE_SYS_STAT_H 1
#define HAVE_STDLIB_H 1
#define HAVE_STRING_H 1
#define HAVE_MEMORY_H 1
#define HAVE_STRINGS_H 1
#define HAVE_INTTYPES_H 1
#define HAVE_STDINT_H 1
#define HAVE_UNISTD_H 1
#define HAVE_DLFCN_H 1
#define LT_OBJDIR ".libs/"
#define PLATFORM_LINUX 1
#define ARCH_X86_64 1
#define HAVE_GL_GL_H 1
#define HAVE_GL_GLU_H 1
#define HAVE_GL_GLEXT_H 1
#define HAVE_GL_GLUT_H 1

configure: exit 0
